<?xml version="1.0" encoding="UTF-8"?>
<!-- Generated by org.testng.reporters.JUnitReportReporter -->
<testsuite hostname="weboniselab" name="com.qmetry.qaf.automation.step.client.Scenario" tests="1" failures="0" timestamp="12 Dec 2016 13:22:37 GMT" time="0.426" errors="1">
  <testcase name="SampleTest" time="0.426" classname="com.qmetry.qaf.automation.step.client.Scenario">
    <error type="java.lang.NoClassDefFoundError" message="Could not initialize class groovy.HomePage$__clinit__closure1">
      <![CDATA[java.lang.NoClassDefFoundError: Could not initialize class groovy.HomePage$__clinit__closure1
	at java.lang.Class.forName0(Native Method)
	at java.lang.Class.forName(Unknown Source)
	at com.qmetry.qaf.automation.util.ClassUtil.getClasses(ClassUtil.java:222)
	at com.qmetry.qaf.automation.util.ClassUtil.getClasses(ClassUtil.java:164)
	at com.qmetry.qaf.automation.core.ClassFinderFactory$DefaultClassFinder.getClasses(ClassFinderFactory.java:65)
	at com.qmetry.qaf.automation.step.JavaStepFinder.getAllJavaSteps(JavaStepFinder.java:77)
	at com.qmetry.qaf.automation.core.ConfigurationManager.getStepMapping(ConfigurationManager.java:297)
	at com.qmetry.qaf.automation.step.StringTestStep.getTestStep(StringTestStep.java:189)
	at com.qmetry.qaf.automation.step.StringTestStep.initStep(StringTestStep.java:78)
	at com.qmetry.qaf.automation.step.client.Scenario.execute(Scenario.java:187)
	at com.qmetry.qaf.automation.step.client.Scenario.scenario(Scenario.java:219)
	at sun.reflect.NativeMethodAccessorImpl.invoke0(Native Method)
	at sun.reflect.NativeMethodAccessorImpl.invoke(Unknown Source)
	at sun.reflect.DelegatingMethodAccessorImpl.invoke(Unknown Source)
	at java.lang.reflect.Method.invoke(Unknown Source)
	at org.testng.internal.MethodInvocationHelper.invokeMethod(MethodInvocationHelper.java:86)
	at org.testng.internal.Invoker.invokeMethod(Invoker.java:643)
	at org.testng.internal.Invoker.invokeTestMethod(Invoker.java:820)
	at org.testng.internal.Invoker.invokeTestMethods(Invoker.java:1128)
	at org.testng.internal.TestMethodWorker.invokeTestMethods(TestMethodWorker.java:129)
	at org.testng.internal.TestMethodWorker.run(TestMethodWorker.java:112)
	at org.testng.TestRunner.privateRun(TestRunner.java:806)
	at org.testng.TestRunner.run(TestRunner.java:656)
	at org.testng.SuiteRunner.runTest(SuiteRunner.java:366)
	at org.testng.SuiteRunner.runSequentially(SuiteRunner.java:361)
	at org.testng.SuiteRunner.privateRun(SuiteRunner.java:319)
	at org.testng.SuiteRunner.run(SuiteRunner.java:268)
	at org.testng.SuiteRunnerWorker.runSuite(SuiteRunnerWorker.java:52)
	at org.testng.SuiteRunnerWorker.run(SuiteRunnerWorker.java:86)
	at org.testng.TestNG.runSuitesSequentially(TestNG.java:1244)
	at org.testng.TestNG.runSuitesLocally(TestNG.java:1169)
	at org.testng.TestNG.run(TestNG.java:1064)
	at org.testng.remote.AbstractRemoteTestNG.run(AbstractRemoteTestNG.java:132)
	at org.testng.remote.RemoteTestNG.initAndRun(RemoteTestNG.java:236)
	at org.testng.remote.RemoteTestNG.main(RemoteTestNG.java:81)
]]>
    </error>
  </testcase> <!-- SampleTest -->
</testsuite> <!-- com.qmetry.qaf.automation.step.client.Scenario -->
